[18:09:33] [main/INFO]: Setting user: Player63
[18:09:36] [Client thread/INFO]: LWJGL Version: 2.9.1
[18:09:37] [Client thread/ERROR]: Couldn't initialize twitch stream
[18:09:48] [Client thread/INFO]: Reloading ResourceManager: Default, FMLFileResourcePack:Forge Mod Loader, FMLFileResourcePack:Minecraft Forge, FMLFileResourcePack:First Mod
[18:09:51] [Sound Library Loader/INFO]: Sound engine started
[18:09:51] [Client thread/INFO]: Created: 512x256 textures/blocks-atlas
[18:09:51] [Client thread/INFO]: Created: 256x256 textures/items-atlas
[18:09:52] [Client thread/INFO]: Reloading ResourceManager: Default, FMLFileResourcePack:Forge Mod Loader, FMLFileResourcePack:Minecraft Forge, FMLFileResourcePack:First Mod
[18:09:52] [Client thread/INFO]: Created: 512x256 textures/blocks-atlas
[18:09:52] [Client thread/INFO]: Created: 256x256 textures/items-atlas
[18:09:53] [Sound Library Loader/INFO]: Sound engine started
[18:10:02] [Server thread/INFO]: Starting integrated minecraft server version 1.7.10
[18:10:02] [Server thread/INFO]: Generating keypair
[18:10:03] [Server thread/INFO]: Preparing start region for level 0
[18:10:04] [Server thread/INFO]: Changing view distance to 4, from 10
[18:10:05] [Server thread/INFO]: Player63[local:E:f279da5e] logged in with entity id 0 at (-958.3643905124968, 56.0, -747.2777246797583)
[18:10:05] [Server thread/INFO]: Player63 joined the game
[18:10:12] [Server thread/INFO]: Player63 has just earned the achievement [Taking Inventory]
[18:10:13] [Client thread/INFO]: [CHAT] Player63 has just earned the achievement [Taking Inventory]
[18:10:43] [Server thread/INFO]: Saving and pausing game...
[18:10:43] [Server thread/INFO]: Saving chunks for level 'Testing'/Overworld
[18:10:43] [Server thread/INFO]: Saving chunks for level 'Testing'/Nether
[18:10:43] [Server thread/INFO]: Saving chunks for level 'Testing'/The End
[18:10:49] [Server thread/INFO]: Saving and pausing game...
[18:10:49] [Server thread/INFO]: Saving chunks for level 'Testing'/Overworld
[18:10:49] [Server thread/INFO]: Saving chunks for level 'Testing'/Nether
[18:10:49] [Server thread/INFO]: Saving chunks for level 'Testing'/The End
[18:10:51] [Server thread/INFO]: Saving and pausing game...
[18:10:51] [Server thread/INFO]: Saving chunks for level 'Testing'/Overworld
[18:10:51] [Server thread/INFO]: Saving chunks for level 'Testing'/Nether
[18:10:51] [Server thread/INFO]: Saving chunks for level 'Testing'/The End
[18:10:54] [Server thread/INFO]: Saving and pausing game...
[18:10:54] [Server thread/INFO]: Saving chunks for level 'Testing'/Overworld
[18:10:54] [Server thread/INFO]: Saving chunks for level 'Testing'/Nether
[18:10:54] [Server thread/INFO]: Saving chunks for level 'Testing'/The End
[18:10:56] [Server thread/INFO]: Saving and pausing game...
[18:10:56] [Server thread/INFO]: Saving chunks for level 'Testing'/Overworld
[18:10:56] [Server thread/INFO]: Saving chunks for level 'Testing'/Nether
[18:10:56] [Server thread/INFO]: Saving chunks for level 'Testing'/The End
[18:10:58] [Server thread/INFO]: Saving and pausing game...
[18:10:58] [Server thread/INFO]: Saving chunks for level 'Testing'/Overworld
[18:10:58] [Server thread/INFO]: Saving chunks for level 'Testing'/Nether
[18:10:58] [Server thread/INFO]: Saving chunks for level 'Testing'/The End
[18:11:00] [Server thread/INFO]: Saving and pausing game...
[18:11:00] [Server thread/INFO]: Saving chunks for level 'Testing'/Overworld
[18:11:00] [Server thread/INFO]: Saving chunks for level 'Testing'/Nether
[18:11:00] [Server thread/INFO]: Saving chunks for level 'Testing'/The End
[18:11:02] [Server thread/INFO]: Saving and pausing game...
[18:11:02] [Server thread/INFO]: Saving chunks for level 'Testing'/Overworld
[18:11:02] [Server thread/INFO]: Saving chunks for level 'Testing'/Nether
[18:11:02] [Server thread/INFO]: Saving chunks for level 'Testing'/The End
[18:11:05] [Server thread/INFO]: Saving and pausing game...
[18:11:05] [Server thread/INFO]: Saving chunks for level 'Testing'/Overworld
[18:11:05] [Server thread/INFO]: Saving chunks for level 'Testing'/Nether
[18:11:05] [Server thread/INFO]: Saving chunks for level 'Testing'/The End
[18:11:06] [Server thread/INFO]: Stopping server
[18:11:06] [Server thread/INFO]: Saving players
[18:11:06] [Server thread/INFO]: Saving worlds
[18:11:06] [Server thread/INFO]: Saving chunks for level 'Testing'/Overworld
[18:11:06] [Server thread/INFO]: Saving chunks for level 'Testing'/Nether
[18:11:06] [Server thread/INFO]: Saving chunks for level 'Testing'/The End
[18:11:08] [Client thread/INFO]: Stopping!
